2018-12-03 11:53:24 9740 [Note] Plugin 'FEDERATED' is disabled.
2018-12-03 11:53:24 9740 [Note] InnoDB: The InnoDB memory heap is disabled
2018-12-03 11:53:24 9740 [Note] InnoDB: Mutexes and rw_locks use Windows interlocked functions
2018-12-03 11:53:24 9740 [Note] InnoDB: Compressed tables use zlib 1.2.3
2018-12-03 11:53:24 9740 [Note] InnoDB: Not using CPU crc32 instructions
2018-12-03 11:53:24 9740 [Note] InnoDB: Initializing buffer pool, size = 128.0M
2018-12-03 11:53:24 9740 [Note] InnoDB: Completed initialization of buffer pool
2018-12-03 11:53:24 9740 [Note] InnoDB: Setting log file C:\Users\coe18161676\Documents\neueda-git\neueda-springboot-2018\USBWebserver\mysql\data\ib_logfile101 size to 5 MB
2018-12-03 11:53:24 9740 [Note] InnoDB: Setting log file C:\Users\coe18161676\Documents\neueda-git\neueda-springboot-2018\USBWebserver\mysql\data\ib_logfile1 size to 5 MB
2018-12-03 11:53:25 9740 [Note] InnoDB: Renaming log file C:\Users\coe18161676\Documents\neueda-git\neueda-springboot-2018\USBWebserver\mysql\data\ib_logfile101 to C:\Users\coe18161676\Documents\neueda-git\neueda-springboot-2018\USBWebserver\mysql\data\ib_logfile0
2018-12-03 11:53:25 9740 [Warning] InnoDB: New log files created, LSN=1626134
2018-12-03 11:53:25 9740 [Note] InnoDB: Highest supported file format is Barracuda.
2018-12-03 11:53:25 9740 [Note] InnoDB: 128 rollback segment(s) are active.
2018-12-03 11:53:25 9740 [Note] InnoDB: Waiting for purge to start
2018-12-03 11:53:25 9740 [Note] InnoDB: 5.6.13 started; log sequence number 1626636
2018-12-03 11:53:25 9740 [Warning] No existing UUID has been found, so we assume that this is the first time that this server has been started. Generating a new UUID: 0aa285aa-f6f2-11e8-a7d0-40a8f042173f.
2018-12-03 11:53:25 9740 [Note] Server hostname (bind-address): '*'; port: 3307
2018-12-03 11:53:25 9740 [Note] IPv6 is available.
2018-12-03 11:53:25 9740 [Note]   - '::' resolves to '::';
2018-12-03 11:53:25 9740 [Note] Server socket created on IP: '::'.
2018-12-03 11:53:26 9740 [Note] Event Scheduler: Loaded 0 events
2018-12-03 11:53:26 9740 [Note] C:\Users\coe18161676\Documents\neueda-git\neueda-springboot-2018\USBWebserver/mysql/bin/mysqld_usbwv8.exe: ready for connections.
Version: '5.6.13'  socket: ''  port: 3307  MySQL Community Server (GPL)
2018-12-03 12:14:42 9232 [Note] Plugin 'FEDERATED' is disabled.
2018-12-03 12:14:42 9232 [Note] InnoDB: The InnoDB memory heap is disabled
2018-12-03 12:14:42 9232 [Note] InnoDB: Mutexes and rw_locks use Windows interlocked functions
2018-12-03 12:14:42 9232 [Note] InnoDB: Compressed tables use zlib 1.2.3
2018-12-03 12:14:42 9232 [Note] InnoDB: Not using CPU crc32 instructions
2018-12-03 12:14:42 9232 [Note] InnoDB: Initializing buffer pool, size = 128.0M
2018-12-03 12:14:42 9232 [Note] InnoDB: Completed initialization of buffer pool
2018-12-03 12:14:42 9232 [Note] InnoDB: Highest supported file format is Barracuda.
2018-12-03 12:14:42 9232 [Note] InnoDB: The log sequence numbers 1626134 and 1626134 in ibdata files do not match the log sequence number 1626646 in the ib_logfiles!
2018-12-03 12:14:42 9232 [Note] InnoDB: Database was not shutdown normally!
2018-12-03 12:14:42 9232 [Note] InnoDB: Starting crash recovery.
2018-12-03 12:14:42 9232 [Note] InnoDB: Reading tablespace information from the .ibd files...
2018-12-03 12:14:42 9232 [Note] InnoDB: Restoring possible half-written data pages 
2018-12-03 12:14:42 9232 [Note] InnoDB: from the doublewrite buffer...
2018-12-03 12:14:42 9232 [Note] InnoDB: 128 rollback segment(s) are active.
2018-12-03 12:14:42 9232 [Note] InnoDB: Waiting for purge to start
2018-12-03 12:14:42 9232 [Note] InnoDB: 5.6.13 started; log sequence number 1626646
2018-12-03 12:14:42 9232 [Note] Server hostname (bind-address): '*'; port: 3306
2018-12-03 12:14:42 9232 [Note] IPv6 is available.
2018-12-03 12:14:42 9232 [Note]   - '::' resolves to '::';
2018-12-03 12:14:42 9232 [Note] Server socket created on IP: '::'.
2018-12-03 12:15:40 7856 [Note] Plugin 'FEDERATED' is disabled.
2018-12-03 12:15:40 7856 [Note] InnoDB: The InnoDB memory heap is disabled
2018-12-03 12:15:40 7856 [Note] InnoDB: Mutexes and rw_locks use Windows interlocked functions
2018-12-03 12:15:40 7856 [Note] InnoDB: Compressed tables use zlib 1.2.3
2018-12-03 12:15:40 7856 [Note] InnoDB: Not using CPU crc32 instructions
2018-12-03 12:15:40 7856 [Note] InnoDB: Initializing buffer pool, size = 128.0M
2018-12-03 12:15:40 7856 [Note] InnoDB: Completed initialization of buffer pool
2018-12-03 12:15:40 7856 [Note] InnoDB: Highest supported file format is Barracuda.
2018-12-03 12:15:40 7856 [Note] InnoDB: The log sequence numbers 1626134 and 1626134 in ibdata files do not match the log sequence number 1626656 in the ib_logfiles!
2018-12-03 12:15:40 7856 [Note] InnoDB: Database was not shutdown normally!
2018-12-03 12:15:40 7856 [Note] InnoDB: Starting crash recovery.
2018-12-03 12:15:40 7856 [Note] InnoDB: Reading tablespace information from the .ibd files...
2018-12-03 12:15:40 7856 [Note] InnoDB: Restoring possible half-written data pages 
2018-12-03 12:15:40 7856 [Note] InnoDB: from the doublewrite buffer...
2018-12-03 12:15:41 7856 [Note] InnoDB: 128 rollback segment(s) are active.
2018-12-03 12:15:41 7856 [Note] InnoDB: Waiting for purge to start
2018-12-03 12:15:41 7856 [Note] InnoDB: 5.6.13 started; log sequence number 1626656
2018-12-03 12:15:41 7856 [Note] Server hostname (bind-address): '*'; port: 3306
2018-12-03 12:15:41 7856 [Note] IPv6 is available.
2018-12-03 12:15:41 7856 [Note]   - '::' resolves to '::';
2018-12-03 12:15:41 7856 [Note] Server socket created on IP: '::'.
2018-12-04 09:10:56 7956 [Note] Plugin 'FEDERATED' is disabled.
2018-12-04 09:10:56 7956 [Note] InnoDB: The InnoDB memory heap is disabled
2018-12-04 09:10:56 7956 [Note] InnoDB: Mutexes and rw_locks use Windows interlocked functions
2018-12-04 09:10:56 7956 [Note] InnoDB: Compressed tables use zlib 1.2.3
2018-12-04 09:10:56 7956 [Note] InnoDB: Not using CPU crc32 instructions
2018-12-04 09:10:56 7956 [Note] InnoDB: Initializing buffer pool, size = 128.0M
2018-12-04 09:10:56 7956 [Note] InnoDB: Completed initialization of buffer pool
2018-12-04 09:10:57 7956 [Note] InnoDB: Highest supported file format is Barracuda.
2018-12-04 09:10:57 7956 [Note] InnoDB: The log sequence numbers 1626134 and 1626134 in ibdata files do not match the log sequence number 1626666 in the ib_logfiles!
2018-12-04 09:10:57 7956 [Note] InnoDB: Database was not shutdown normally!
2018-12-04 09:10:57 7956 [Note] InnoDB: Starting crash recovery.
2018-12-04 09:10:57 7956 [Note] InnoDB: Reading tablespace information from the .ibd files...
2018-12-04 09:10:57 7956 [Note] InnoDB: Restoring possible half-written data pages 
2018-12-04 09:10:57 7956 [Note] InnoDB: from the doublewrite buffer...
2018-12-04 09:10:57 7956 [Note] InnoDB: 128 rollback segment(s) are active.
2018-12-04 09:10:57 7956 [Note] InnoDB: Waiting for purge to start
2018-12-04 09:10:57 7956 [Note] InnoDB: 5.6.13 started; log sequence number 1626666
2018-12-04 09:10:57 7956 [Note] Server hostname (bind-address): '*'; port: 3306
2018-12-04 09:10:57 7956 [Note] IPv6 is available.
2018-12-04 09:10:57 7956 [Note]   - '::' resolves to '::';
2018-12-04 09:10:57 7956 [Note] Server socket created on IP: '::'.
2018-12-04 14:08:06 7536 [Note] Plugin 'FEDERATED' is disabled.
2018-12-04 14:08:06 7536 [Note] InnoDB: The InnoDB memory heap is disabled
2018-12-04 14:08:06 7536 [Note] InnoDB: Mutexes and rw_locks use Windows interlocked functions
2018-12-04 14:08:06 7536 [Note] InnoDB: Compressed tables use zlib 1.2.3
2018-12-04 14:08:06 7536 [Note] InnoDB: Not using CPU crc32 instructions
2018-12-04 14:08:06 7536 [Note] InnoDB: Initializing buffer pool, size = 128.0M
2018-12-04 14:08:06 7536 [Note] InnoDB: Completed initialization of buffer pool
2018-12-04 14:08:06 7536 [Note] InnoDB: Highest supported file format is Barracuda.
2018-12-04 14:08:06 7536 [Note] InnoDB: The log sequence numbers 1626134 and 1626134 in ibdata files do not match the log sequence number 1626676 in the ib_logfiles!
2018-12-04 14:08:06 7536 [Note] InnoDB: Database was not shutdown normally!
2018-12-04 14:08:06 7536 [Note] InnoDB: Starting crash recovery.
2018-12-04 14:08:06 7536 [Note] InnoDB: Reading tablespace information from the .ibd files...
2018-12-04 14:08:06 7536 [Note] InnoDB: Restoring possible half-written data pages 
2018-12-04 14:08:06 7536 [Note] InnoDB: from the doublewrite buffer...
2018-12-04 14:08:06 7536 [Note] InnoDB: 128 rollback segment(s) are active.
2018-12-04 14:08:06 7536 [Note] InnoDB: Waiting for purge to start
2018-12-04 14:08:06 7536 [Note] InnoDB: 5.6.13 started; log sequence number 1626676
2018-12-04 14:08:06 7536 [Note] Server hostname (bind-address): '*'; port: 3306
2018-12-04 14:08:06 7536 [Note] IPv6 is available.
2018-12-04 14:08:06 7536 [Note]   - '::' resolves to '::';
2018-12-04 14:08:06 7536 [Note] Server socket created on IP: '::'.
2018-12-04 14:08:07 7536 [Note] Event Scheduler: Loaded 0 events
2018-12-04 14:08:07 7536 [Note] C:\Users\coe18161676\Documents\neueda-git\neueda-springboot-2018\USBWebserver/mysql/bin/mysqld_usbwv8.exe: ready for connections.
Version: '5.6.13'  socket: ''  port: 3306  MySQL Community Server (GPL)
2018-12-04 15:13:48 6772 [Note] Plugin 'FEDERATED' is disabled.
2018-12-04 15:13:48 6772 [Note] InnoDB: The InnoDB memory heap is disabled
2018-12-04 15:13:48 6772 [Note] InnoDB: Mutexes and rw_locks use Windows interlocked functions
2018-12-04 15:13:48 6772 [Note] InnoDB: Compressed tables use zlib 1.2.3
2018-12-04 15:13:48 6772 [Note] InnoDB: Not using CPU crc32 instructions
2018-12-04 15:13:48 6772 [Note] InnoDB: Initializing buffer pool, size = 128.0M
2018-12-04 15:13:48 6772 [Note] InnoDB: Completed initialization of buffer pool
2018-12-04 15:13:48 6772 [Note] InnoDB: Highest supported file format is Barracuda.
2018-12-04 15:13:48 6772 [Note] InnoDB: The log sequence numbers 1626134 and 1626134 in ibdata files do not match the log sequence number 1626686 in the ib_logfiles!
2018-12-04 15:13:49 6772 [Note] InnoDB: Database was not shutdown normally!
2018-12-04 15:13:49 6772 [Note] InnoDB: Starting crash recovery.
2018-12-04 15:13:49 6772 [Note] InnoDB: Reading tablespace information from the .ibd files...
2018-12-04 15:13:49 6772 [Note] InnoDB: Restoring possible half-written data pages 
2018-12-04 15:13:49 6772 [Note] InnoDB: from the doublewrite buffer...
2018-12-04 15:13:49 6772 [Note] InnoDB: 128 rollback segment(s) are active.
2018-12-04 15:13:49 6772 [Note] InnoDB: Waiting for purge to start
2018-12-04 15:13:49 6772 [Note] InnoDB: 5.6.13 started; log sequence number 1626686
2018-12-04 15:13:49 6772 [Note] Server hostname (bind-address): '*'; port: 3306
2018-12-04 15:13:49 6772 [Note] IPv6 is available.
2018-12-04 15:13:49 6772 [Note]   - '::' resolves to '::';
2018-12-04 15:13:49 6772 [Note] Server socket created on IP: '::'.
2018-12-05 08:03:05 11052 [Note] Plugin 'FEDERATED' is disabled.
2018-12-05 08:03:05 11052 [Note] InnoDB: The InnoDB memory heap is disabled
2018-12-05 08:03:05 11052 [Note] InnoDB: Mutexes and rw_locks use Windows interlocked functions
2018-12-05 08:03:05 11052 [Note] InnoDB: Compressed tables use zlib 1.2.3
2018-12-05 08:03:05 11052 [Note] InnoDB: Not using CPU crc32 instructions
2018-12-05 08:03:05 11052 [Note] InnoDB: Initializing buffer pool, size = 128.0M
2018-12-05 08:03:05 11052 [Note] InnoDB: Completed initialization of buffer pool
2018-12-05 08:03:08 11052 [Note] InnoDB: Highest supported file format is Barracuda.
2018-12-05 08:03:09 11052 [Note] InnoDB: The log sequence numbers 1626134 and 1626134 in ibdata files do not match the log sequence number 1626696 in the ib_logfiles!
2018-12-05 08:03:09 11052 [Note] InnoDB: Database was not shutdown normally!
2018-12-05 08:03:09 11052 [Note] InnoDB: Starting crash recovery.
2018-12-05 08:03:09 11052 [Note] InnoDB: Reading tablespace information from the .ibd files...
2018-12-05 08:03:11 11052 [Note] InnoDB: Restoring possible half-written data pages 
2018-12-05 08:03:11 11052 [Note] InnoDB: from the doublewrite buffer...
2018-12-05 08:03:49 11052 [Note] InnoDB: 128 rollback segment(s) are active.
2018-12-05 08:03:50 11052 [Note] InnoDB: Waiting for purge to start
2018-12-05 08:03:50 11052 [Note] InnoDB: 5.6.13 started; log sequence number 1626696
2018-12-05 08:03:50 11052 [Note] Server hostname (bind-address): '*'; port: 3306
2018-12-05 08:03:50 11052 [Note] IPv6 is available.
2018-12-05 08:03:50 11052 [Note]   - '::' resolves to '::';
2018-12-05 08:03:50 11052 [Note] Server socket created on IP: '::'.
2018-12-05 10:08:50 1600 [Note] Plugin 'FEDERATED' is disabled.
2018-12-05 10:08:50 1600 [Note] InnoDB: The InnoDB memory heap is disabled
2018-12-05 10:08:50 1600 [Note] InnoDB: Mutexes and rw_locks use Windows interlocked functions
2018-12-05 10:08:50 1600 [Note] InnoDB: Compressed tables use zlib 1.2.3
2018-12-05 10:08:50 1600 [Note] InnoDB: Not using CPU crc32 instructions
2018-12-05 10:08:50 1600 [Note] InnoDB: Initializing buffer pool, size = 128.0M
2018-12-05 10:08:50 1600 [Note] InnoDB: Completed initialization of buffer pool
2018-12-05 10:08:50 1600 [Note] InnoDB: Highest supported file format is Barracuda.
2018-12-05 10:08:50 1600 [Note] InnoDB: The log sequence numbers 1626134 and 1626134 in ibdata files do not match the log sequence number 1626706 in the ib_logfiles!
2018-12-05 10:08:50 1600 [Note] InnoDB: Database was not shutdown normally!
2018-12-05 10:08:50 1600 [Note] InnoDB: Starting crash recovery.
2018-12-05 10:08:50 1600 [Note] InnoDB: Reading tablespace information from the .ibd files...
2018-12-05 10:08:50 1600 [Note] InnoDB: Restoring possible half-written data pages 
2018-12-05 10:08:50 1600 [Note] InnoDB: from the doublewrite buffer...
2018-12-05 10:08:50 1600 [Note] InnoDB: 128 rollback segment(s) are active.
2018-12-05 10:08:50 1600 [Note] InnoDB: Waiting for purge to start
2018-12-05 10:08:50 1600 [Note] InnoDB: 5.6.13 started; log sequence number 1626706
2018-12-05 10:08:50 1600 [Note] Server hostname (bind-address): '*'; port: 3306
2018-12-05 10:08:50 1600 [Note] IPv6 is available.
2018-12-05 10:08:50 1600 [Note]   - '::' resolves to '::';
2018-12-05 10:08:50 1600 [Note] Server socket created on IP: '::'.
2018-12-05 10:15:02 1344 [Note] Plugin 'FEDERATED' is disabled.
2018-12-05 10:15:02 1344 [Note] InnoDB: The InnoDB memory heap is disabled
2018-12-05 10:15:02 1344 [Note] InnoDB: Mutexes and rw_locks use Windows interlocked functions
2018-12-05 10:15:02 1344 [Note] InnoDB: Compressed tables use zlib 1.2.3
2018-12-05 10:15:02 1344 [Note] InnoDB: Not using CPU crc32 instructions
2018-12-05 10:15:02 1344 [Note] InnoDB: Initializing buffer pool, size = 128.0M
2018-12-05 10:15:02 1344 [Note] InnoDB: Completed initialization of buffer pool
2018-12-05 10:15:02 1344 [Note] InnoDB: Highest supported file format is Barracuda.
2018-12-05 10:15:02 1344 [Note] InnoDB: The log sequence numbers 1626134 and 1626134 in ibdata files do not match the log sequence number 1626716 in the ib_logfiles!
2018-12-05 10:15:02 1344 [Note] InnoDB: Database was not shutdown normally!
2018-12-05 10:15:02 1344 [Note] InnoDB: Starting crash recovery.
2018-12-05 10:15:02 1344 [Note] InnoDB: Reading tablespace information from the .ibd files...
2018-12-05 10:15:02 1344 [Note] InnoDB: Restoring possible half-written data pages 
2018-12-05 10:15:02 1344 [Note] InnoDB: from the doublewrite buffer...
2018-12-05 10:15:03 1344 [Note] InnoDB: 128 rollback segment(s) are active.
2018-12-05 10:15:03 1344 [Note] InnoDB: Waiting for purge to start
2018-12-05 10:15:03 1344 [Note] InnoDB: 5.6.13 started; log sequence number 1626716
2018-12-05 10:15:03 1344 [Note] Server hostname (bind-address): '*'; port: 3306
2018-12-05 10:15:03 1344 [Note] IPv6 is available.
2018-12-05 10:15:03 1344 [Note]   - '::' resolves to '::';
2018-12-05 10:15:03 1344 [Note] Server socket created on IP: '::'.
2018-12-06 08:31:00 10164 [Note] Plugin 'FEDERATED' is disabled.
2018-12-06 08:31:00 10164 [Note] InnoDB: The InnoDB memory heap is disabled
2018-12-06 08:31:00 10164 [Note] InnoDB: Mutexes and rw_locks use Windows interlocked functions
2018-12-06 08:31:00 10164 [Note] InnoDB: Compressed tables use zlib 1.2.3
2018-12-06 08:31:00 10164 [Note] InnoDB: Not using CPU crc32 instructions
2018-12-06 08:31:00 10164 [Note] InnoDB: Initializing buffer pool, size = 128.0M
2018-12-06 08:31:00 10164 [Note] InnoDB: Completed initialization of buffer pool
2018-12-06 08:31:01 10164 [Note] InnoDB: Highest supported file format is Barracuda.
2018-12-06 08:31:01 10164 [Note] InnoDB: The log sequence numbers 1626134 and 1626134 in ibdata files do not match the log sequence number 1626726 in the ib_logfiles!
2018-12-06 08:31:01 10164 [Note] InnoDB: Database was not shutdown normally!
2018-12-06 08:31:01 10164 [Note] InnoDB: Starting crash recovery.
2018-12-06 08:31:01 10164 [Note] InnoDB: Reading tablespace information from the .ibd files...
2018-12-06 08:31:01 10164 [Note] InnoDB: Restoring possible half-written data pages 
2018-12-06 08:31:01 10164 [Note] InnoDB: from the doublewrite buffer...
2018-12-06 08:31:04 10164 [Note] InnoDB: 128 rollback segment(s) are active.
2018-12-06 08:31:04 10164 [Note] InnoDB: Waiting for purge to start
2018-12-06 08:31:04 10164 [Note] InnoDB: 5.6.13 started; log sequence number 1626726
2018-12-06 08:31:04 10164 [Note] Server hostname (bind-address): '*'; port: 3306
2018-12-06 08:31:04 10164 [Note] IPv6 is available.
2018-12-06 08:31:04 10164 [Note]   - '::' resolves to '::';
2018-12-06 08:31:04 10164 [Note] Server socket created on IP: '::'.
2018-12-06 12:11:07 7780 [Note] Plugin 'FEDERATED' is disabled.
2018-12-06 12:11:07 7780 [Note] InnoDB: The InnoDB memory heap is disabled
2018-12-06 12:11:07 7780 [Note] InnoDB: Mutexes and rw_locks use Windows interlocked functions
2018-12-06 12:11:07 7780 [Note] InnoDB: Compressed tables use zlib 1.2.3
2018-12-06 12:11:07 7780 [Note] InnoDB: Not using CPU crc32 instructions
2018-12-06 12:11:07 7780 [Note] InnoDB: Initializing buffer pool, size = 128.0M
2018-12-06 12:11:07 7780 [Note] InnoDB: Completed initialization of buffer pool
2018-12-06 12:11:07 7780 [Note] InnoDB: Highest supported file format is Barracuda.
2018-12-06 12:11:07 7780 [Note] InnoDB: The log sequence numbers 1626134 and 1626134 in ibdata files do not match the log sequence number 1626736 in the ib_logfiles!
2018-12-06 12:11:07 7780 [Note] InnoDB: Database was not shutdown normally!
2018-12-06 12:11:07 7780 [Note] InnoDB: Starting crash recovery.
2018-12-06 12:11:07 7780 [Note] InnoDB: Reading tablespace information from the .ibd files...
2018-12-06 12:11:07 7780 [Note] InnoDB: Restoring possible half-written data pages 
2018-12-06 12:11:07 7780 [Note] InnoDB: from the doublewrite buffer...
2018-12-06 12:11:08 7780 [Note] InnoDB: 128 rollback segment(s) are active.
2018-12-06 12:11:08 7780 [Note] InnoDB: Waiting for purge to start
2018-12-06 12:11:08 7780 [Note] InnoDB: 5.6.13 started; log sequence number 1626736
2018-12-06 12:11:08 7780 [Note] Server hostname (bind-address): '*'; port: 3306
2018-12-06 12:11:08 7780 [Note] IPv6 is available.
2018-12-06 12:11:08 7780 [Note]   - '::' resolves to '::';
2018-12-06 12:11:08 7780 [Note] Server socket created on IP: '::'.
2018-12-10 08:42:36 9996 [Note] Plugin 'FEDERATED' is disabled.
2018-12-10 08:42:37 9996 [Note] InnoDB: The InnoDB memory heap is disabled
2018-12-10 08:42:37 9996 [Note] InnoDB: Mutexes and rw_locks use Windows interlocked functions
2018-12-10 08:42:37 9996 [Note] InnoDB: Compressed tables use zlib 1.2.3
2018-12-10 08:42:37 9996 [Note] InnoDB: Not using CPU crc32 instructions
2018-12-10 08:42:37 9996 [Note] InnoDB: Initializing buffer pool, size = 128.0M
2018-12-10 08:42:38 9996 [Note] InnoDB: Completed initialization of buffer pool
2018-12-10 08:42:38 9996 [Note] InnoDB: Highest supported file format is Barracuda.
2018-12-10 08:42:38 9996 [Note] InnoDB: The log sequence numbers 1626134 and 1626134 in ibdata files do not match the log sequence number 1626746 in the ib_logfiles!
2018-12-10 08:42:38 9996 [Note] InnoDB: Database was not shutdown normally!
2018-12-10 08:42:38 9996 [Note] InnoDB: Starting crash recovery.
2018-12-10 08:42:38 9996 [Note] InnoDB: Reading tablespace information from the .ibd files...
2018-12-10 08:42:39 9996 [Note] InnoDB: Restoring possible half-written data pages 
2018-12-10 08:42:39 9996 [Note] InnoDB: from the doublewrite buffer...
2018-12-10 08:42:51 9996 [Note] InnoDB: 128 rollback segment(s) are active.
2018-12-10 08:42:51 9996 [Note] InnoDB: Waiting for purge to start
2018-12-10 08:42:51 9996 [Note] InnoDB: 5.6.13 started; log sequence number 1626746
2018-12-10 08:42:51 9996 [Note] Server hostname (bind-address): '*'; port: 3306
2018-12-10 08:42:51 9996 [Note] IPv6 is available.
2018-12-10 08:42:51 9996 [Note]   - '::' resolves to '::';
2018-12-10 08:42:51 9996 [Note] Server socket created on IP: '::'.
2018-12-11 09:00:58 10468 [Note] Plugin 'FEDERATED' is disabled.
2018-12-11 09:00:58 10468 [Note] InnoDB: The InnoDB memory heap is disabled
2018-12-11 09:00:58 10468 [Note] InnoDB: Mutexes and rw_locks use Windows interlocked functions
2018-12-11 09:00:58 10468 [Note] InnoDB: Compressed tables use zlib 1.2.3
2018-12-11 09:00:58 10468 [Note] InnoDB: Not using CPU crc32 instructions
2018-12-11 09:00:58 10468 [Note] InnoDB: Initializing buffer pool, size = 128.0M
2018-12-11 09:00:58 10468 [Note] InnoDB: Completed initialization of buffer pool
2018-12-11 09:00:59 10468 [Note] InnoDB: Highest supported file format is Barracuda.
2018-12-11 09:00:59 10468 [Note] InnoDB: The log sequence numbers 1626134 and 1626134 in ibdata files do not match the log sequence number 1626756 in the ib_logfiles!
2018-12-11 09:00:59 10468 [Note] InnoDB: Database was not shutdown normally!
2018-12-11 09:00:59 10468 [Note] InnoDB: Starting crash recovery.
2018-12-11 09:00:59 10468 [Note] InnoDB: Reading tablespace information from the .ibd files...
2018-12-11 09:00:59 10468 [Note] InnoDB: Restoring possible half-written data pages 
2018-12-11 09:00:59 10468 [Note] InnoDB: from the doublewrite buffer...
2018-12-11 09:01:10 10468 [Note] InnoDB: 128 rollback segment(s) are active.
2018-12-11 09:01:10 10468 [Note] InnoDB: Waiting for purge to start
2018-12-11 09:01:10 10468 [Note] InnoDB: 5.6.13 started; log sequence number 1626756
2018-12-11 09:01:10 10468 [Note] Server hostname (bind-address): '*'; port: 3306
2018-12-11 09:01:10 10468 [Note] IPv6 is available.
2018-12-11 09:01:10 10468 [Note]   - '::' resolves to '::';
2018-12-11 09:01:10 10468 [Note] Server socket created on IP: '::'.
2018-12-12 08:27:52 8976 [Note] Plugin 'FEDERATED' is disabled.
2018-12-12 08:27:53 8976 [Note] InnoDB: The InnoDB memory heap is disabled
2018-12-12 08:27:53 8976 [Note] InnoDB: Mutexes and rw_locks use Windows interlocked functions
2018-12-12 08:27:53 8976 [Note] InnoDB: Compressed tables use zlib 1.2.3
2018-12-12 08:27:53 8976 [Note] InnoDB: Not using CPU crc32 instructions
2018-12-12 08:27:53 8976 [Note] InnoDB: Initializing buffer pool, size = 128.0M
2018-12-12 08:27:54 8976 [Note] InnoDB: Completed initialization of buffer pool
2018-12-12 08:27:54 8976 [Note] InnoDB: Highest supported file format is Barracuda.
2018-12-12 08:27:55 8976 [Note] InnoDB: The log sequence numbers 1626134 and 1626134 in ibdata files do not match the log sequence number 1626766 in the ib_logfiles!
2018-12-12 08:27:55 8976 [Note] InnoDB: Database was not shutdown normally!
2018-12-12 08:27:55 8976 [Note] InnoDB: Starting crash recovery.
2018-12-12 08:27:55 8976 [Note] InnoDB: Reading tablespace information from the .ibd files...
2018-12-12 08:27:55 8976 [Note] InnoDB: Restoring possible half-written data pages 
2018-12-12 08:27:55 8976 [Note] InnoDB: from the doublewrite buffer...
2018-12-12 08:28:11 8976 [Note] InnoDB: 128 rollback segment(s) are active.
2018-12-12 08:28:11 8976 [Note] InnoDB: Waiting for purge to start
2018-12-12 08:28:11 8976 [Note] InnoDB: Waiting for purge to start
2018-12-12 08:28:11 8976 [Note] InnoDB: Waiting for purge to start
2018-12-12 08:28:11 8976 [Note] InnoDB: 5.6.13 started; log sequence number 1626766
2018-12-12 08:28:12 8976 [Note] Server hostname (bind-address): '*'; port: 3306
2018-12-12 08:28:12 8976 [Note] IPv6 is available.
2018-12-12 08:28:12 8976 [Note]   - '::' resolves to '::';
2018-12-12 08:28:12 8976 [Note] Server socket created on IP: '::'.
